1491207761.426370 client started (19077): socket /tmp/tmux-1000/default, protocol 8
1491207761.426472 on Linux 4.8.0-45-generic #48-Ubuntu SMP Fri Mar 24 11:46:39 UTC 2017; libevent 2.0.21-stable (poll)
1491207761.426551 socket is /tmp/tmux-1000/default
1491207761.426609 trying connect
1491207761.427212 add peer 0x55f3be64ecf0: 6 ((nil))
1491207761.427508 sending message 100 to peer 0x55f3be64ecf0 (4 bytes)
1491207761.427582 sending message 101 to peer 0x55f3be64ecf0 (16 bytes)
1491207761.427631 sending message 102 to peer 0x55f3be64ecf0 (11 bytes)
1491207761.427677 sending message 108 to peer 0x55f3be64ecf0 (33 bytes)
1491207761.427725 sending message 104 to peer 0x55f3be64ecf0 (0 bytes)
1491207761.427775 sending message 107 to peer 0x55f3be64ecf0 (4 bytes)
1491207761.427833 sending message 105 to peer 0x55f3be64ecf0 (30 bytes)
1491207761.427892 sending message 105 to peer 0x55f3be64ecf0 (33 bytes)
1491207761.427943 sending message 105 to peer 0x55f3be64ecf0 (22 bytes)
1491207761.427986 sending message 105 to peer 0x55f3be64ecf0 (20 bytes)
1491207761.428031 sending message 105 to peer 0x55f3be64ecf0 (71 bytes)
1491207761.428076 sending message 105 to peer 0x55f3be64ecf0 (54 bytes)
1491207761.428128 sending message 105 to peer 0x55f3be64ecf0 (50 bytes)
1491207761.428172 sending message 105 to peer 0x55f3be64ecf0 (22 bytes)
1491207761.428215 sending message 105 to peer 0x55f3be64ecf0 (11 bytes)
1491207761.428258 sending message 105 to peer 0x55f3be64ecf0 (12 bytes)
1491207761.428301 sending message 105 to peer 0x55f3be64ecf0 (17 bytes)
1491207761.428400 sending message 105 to peer 0x55f3be64ecf0 (24 bytes)
1491207761.428444 sending message 105 to peer 0x55f3be64ecf0 (33 bytes)
1491207761.428487 sending message 105 to peer 0x55f3be64ecf0 (44 bytes)
1491207761.428530 sending message 105 to peer 0x55f3be64ecf0 (19 bytes)
1491207761.428573 sending message 105 to peer 0x55f3be64ecf0 (28 bytes)
1491207761.428616 sending message 105 to peer 0x55f3be64ecf0 (15 bytes)
1491207761.428658 sending message 105 to peer 0x55f3be64ecf0 (17 bytes)
1491207761.428701 sending message 105 to peer 0x55f3be64ecf0 (23 bytes)
1491207761.428744 sending message 105 to peer 0x55f3be64ecf0 (30 bytes)
1491207761.428787 sending message 105 to peer 0x55f3be64ecf0 (27 bytes)
1491207761.428835 sending message 105 to peer 0x55f3be64ecf0 (24 bytes)
1491207761.428879 sending message 105 to peer 0x55f3be64ecf0 (20 bytes)
1491207761.428922 sending message 105 to peer 0x55f3be64ecf0 (23 bytes)
1491207761.428965 sending message 105 to peer 0x55f3be64ecf0 (21 bytes)
1491207761.429007 sending message 105 to peer 0x55f3be64ecf0 (25 bytes)
1491207761.429049 sending message 105 to peer 0x55f3be64ecf0 (20 bytes)
1491207761.429092 sending message 105 to peer 0x55f3be64ecf0 (8 bytes)
1491207761.429135 sending message 105 to peer 0x55f3be64ecf0 (12 bytes)
1491207761.429177 sending message 105 to peer 0x55f3be64ecf0 (32 bytes)
1491207761.429221 sending message 105 to peer 0x55f3be64ecf0 (1416 bytes)
1491207761.429308 sending message 105 to peer 0x55f3be64ecf0 (53 bytes)
1491207761.429354 sending message 105 to peer 0x55f3be64ecf0 (105 bytes)
1491207761.429399 sending message 105 to peer 0x55f3be64ecf0 (48 bytes)
1491207761.429443 sending message 105 to peer 0x55f3be64ecf0 (16 bytes)
1491207761.429487 sending message 105 to peer 0x55f3be64ecf0 (23 bytes)
1491207761.429530 sending message 105 to peer 0x55f3be64ecf0 (42 bytes)
1491207761.429574 sending message 105 to peer 0x55f3be64ecf0 (46 bytes)
1491207761.429618 sending message 105 to peer 0x55f3be64ecf0 (54 bytes)
1491207761.429663 sending message 105 to peer 0x55f3be64ecf0 (26 bytes)
1491207761.429707 sending message 105 to peer 0x55f3be64ecf0 (11 bytes)
1491207761.429751 sending message 105 to peer 0x55f3be64ecf0 (242 bytes)
1491207761.429795 sending message 105 to peer 0x55f3be64ecf0 (37 bytes)
1491207761.429839 sending message 105 to peer 0x55f3be64ecf0 (18 bytes)
1491207761.429882 sending message 105 to peer 0x55f3be64ecf0 (19 bytes)
1491207761.429925 sending message 105 to peer 0x55f3be64ecf0 (18 bytes)
1491207761.429968 sending message 105 to peer 0x55f3be64ecf0 (35 bytes)
1491207761.430073 sending message 105 to peer 0x55f3be64ecf0 (36 bytes)
1491207761.430118 sending message 105 to peer 0x55f3be64ecf0 (16 bytes)
1491207761.430162 sending message 105 to peer 0x55f3be64ecf0 (25 bytes)
1491207761.430205 sending message 105 to peer 0x55f3be64ecf0 (28 bytes)
1491207761.430248 sending message 105 to peer 0x55f3be64ecf0 (51 bytes)
1491207761.430292 sending message 105 to peer 0x55f3be64ecf0 (92 bytes)
1491207761.430335 sending message 105 to peer 0x55f3be64ecf0 (19 bytes)
1491207761.430379 sending message 105 to peer 0x55f3be64ecf0 (8 bytes)
1491207761.430423 sending message 105 to peer 0x55f3be64ecf0 (19 bytes)
1491207761.430467 sending message 105 to peer 0x55f3be64ecf0 (41 bytes)
1491207761.430511 sending message 105 to peer 0x55f3be64ecf0 (21 bytes)
1491207761.430555 sending message 105 to peer 0x55f3be64ecf0 (35 bytes)
1491207761.430599 sending message 105 to peer 0x55f3be64ecf0 (13 bytes)
1491207761.430642 sending message 105 to peer 0x55f3be64ecf0 (50 bytes)
1491207761.430686 sending message 105 to peer 0x55f3be64ecf0 (9 bytes)
1491207761.430729 sending message 105 to peer 0x55f3be64ecf0 (13 bytes)
1491207761.430786 sending message 105 to peer 0x55f3be64ecf0 (17 bytes)
1491207761.430832 sending message 105 to peer 0x55f3be64ecf0 (18 bytes)
1491207761.430877 sending message 105 to peer 0x55f3be64ecf0 (13 bytes)
1491207761.430920 sending message 105 to peer 0x55f3be64ecf0 (41 bytes)
1491207761.430963 sending message 105 to peer 0x55f3be64ecf0 (44 bytes)
1491207761.431008 sending message 105 to peer 0x55f3be64ecf0 (26 bytes)
1491207761.431052 sending message 105 to peer 0x55f3be64ecf0 (84 bytes)
1491207761.431096 sending message 105 to peer 0x55f3be64ecf0 (23 bytes)
1491207761.431138 sending message 105 to peer 0x55f3be64ecf0 (31 bytes)
1491207761.431181 sending message 105 to peer 0x55f3be64ecf0 (15 bytes)
1491207761.431224 sending message 105 to peer 0x55f3be64ecf0 (26 bytes)
1491207761.431267 sending message 105 to peer 0x55f3be64ecf0 (17 bytes)
1491207761.431310 sending message 105 to peer 0x55f3be64ecf0 (21 bytes)
1491207761.431353 sending message 105 to peer 0x55f3be64ecf0 (11 bytes)
1491207761.431396 sending message 105 to peer 0x55f3be64ecf0 (20 bytes)
1491207761.431439 sending message 105 to peer 0x55f3be64ecf0 (25 bytes)
1491207761.431482 sending message 105 to peer 0x55f3be64ecf0 (16 bytes)
1491207761.431525 sending message 105 to peer 0x55f3be64ecf0 (84 bytes)
1491207761.431570 sending message 105 to peer 0x55f3be64ecf0 (21 bytes)
1491207761.431613 sending message 105 to peer 0x55f3be64ecf0 (16 bytes)
1491207761.431656 sending message 106 to peer 0x55f3be64ecf0 (0 bytes)
1491207761.431701 sending message 200 to peer 0x55f3be64ecf0 (4 bytes)
1491207761.431744 client loop enter
1491207761.433002 peer 0x55f3be64ecf0 message 211
1491207761.433127 peer 0x55f3be64ecf0 message 203
1491207761.433180 client loop exit
